Determining if the pthread_create exist failed with the following output:
Change Dir: /home/legionhive/GitPlayground/ws_PirateMainframe/build/CMakeFiles/CMakeTmp

Run Build Command:"/usr/bin/make" "cmTC_cad52/fast"
/usr/bin/make -f CMakeFiles/cmTC_cad52.dir/build.make CMakeFiles/cmTC_cad52.dir/build
make[1]: Entering directory '/home/legionhive/GitPlayground/ws_PirateMainframe/build/CMakeFiles/CMakeTmp'
Building C object CMakeFiles/cmTC_cad52.dir/CheckSymbolExists.c.o
/usr/bin/cc     -o CMakeFiles/cmTC_cad52.dir/CheckSymbolExists.c.o   -c /home/legionhive/GitPlayground/ws_PirateMainframe/build/CMakeFiles/CMakeTmp/CheckSymbolExists.c
Linking C executable cmTC_cad52
/usr/bin/cmake -E cmake_link_script CMakeFiles/cmTC_cad52.dir/link.txt --verbose=1
/usr/bin/cc       CMakeFiles/cmTC_cad52.dir/CheckSymbolExists.c.o  -o cmTC_cad52 -rdynamic 
CMakeFiles/cmTC_cad52.dir/CheckSymbolExists.c.o: In function `main':
CheckSymbolExists.c:(.text+0x16): undefined reference to `pthread_create'
collect2: error: ld returned 1 exit status
CMakeFiles/cmTC_cad52.dir/build.make:97: recipe for target 'cmTC_cad52' failed
make[1]: *** [cmTC_cad52] Error 1
make[1]: Leaving directory '/home/legionhive/GitPlayground/ws_PirateMainframe/build/CMakeFiles/CMakeTmp'
Makefile:126: recipe for target 'cmTC_cad52/fast' failed
make: *** [cmTC_cad52/fast] Error 2

File /home/legionhive/GitPlayground/ws_PirateMainframe/build/CMakeFiles/CMakeTmp/CheckSymbolExists.c:
/* */
#include <pthread.h>

int main(int argc, char** argv)
{
  (void)argv;
#ifndef pthread_create
  return ((int*)(&pthread_create))[argc];
#else
  (void)argc;
  return 0;
#endif
}

Determining if the function pthread_create exists in the pthreads failed with the following output:
Change Dir: /home/legionhive/GitPlayground/ws_PirateMainframe/build/CMakeFiles/CMakeTmp

Run Build Command:"/usr/bin/make" "cmTC_f2e1b/fast"
/usr/bin/make -f CMakeFiles/cmTC_f2e1b.dir/build.make CMakeFiles/cmTC_f2e1b.dir/build
make[1]: Entering directory '/home/legionhive/GitPlayground/ws_PirateMainframe/build/CMakeFiles/CMakeTmp'
Building C object CMakeFiles/cmTC_f2e1b.dir/CheckFunctionExists.c.o
/usr/bin/cc    -DCHECK_FUNCTION_EXISTS=pthread_create   -o CMakeFiles/cmTC_f2e1b.dir/CheckFunctionExists.c.o   -c /usr/share/cmake-3.5/Modules/CheckFunctionExists.c
Linking C executable cmTC_f2e1b
/usr/bin/cmake -E cmake_link_script CMakeFiles/cmTC_f2e1b.dir/link.txt --verbose=1
/usr/bin/cc   -DCHECK_FUNCTION_EXISTS=pthread_create    CMakeFiles/cmTC_f2e1b.dir/CheckFunctionExists.c.o  -o cmTC_f2e1b -rdynamic -lpthreads 
/usr/bin/ld: cannot find -lpthreads
collect2: error: ld returned 1 exit status
CMakeFiles/cmTC_f2e1b.dir/build.make:97: recipe for target 'cmTC_f2e1b' failed
make[1]: *** [cmTC_f2e1b] Error 1
make[1]: Leaving directory '/home/legionhive/GitPlayground/ws_PirateMainframe/build/CMakeFiles/CMakeTmp'
Makefile:126: recipe for target 'cmTC_f2e1b/fast' failed
make: *** [cmTC_f2e1b/fast] Error 2


